0	22:00:12.417	objectcreatekea EURUSD,H4: VLineCreate: failed to create a vertical line! Error code = 4200
0	22:00:45.854	objectcreatekea EURUSD,H4: VLineCreate: failed to create a vertical line! Error code = 4200
0	22:00:46.057	objectcreatekea EURUSD,H4: VLineCreate: failed to create a vertical line! Error code = 4200
0	22:00:47.046	objectcreatekea EURUSD,H4: VLineCreate: failed to create a vertical line! Error code = 4200
0	22:00:50.841	objectcreatekea EURUSD,H4: VLineCreate: failed to create a vertical line! Error code = 4200
0	22:00:51.043	objectcreatekea EURUSD,H4: VLineCreate: failed to create a vertical line! Error code = 4200
0	22:00:51.461	objectcreatekea EURUSD,H4: VLineCreate: failed to create a vertical line! Error code = 4200
0	22:00:53.042	objectcreatekea EURUSD,H4: VLineCreate: failed to create a vertical line! Error code = 4200
0	22:00:54.413	objectcreatekea EURUSD,H4: VLineCreate: failed to create a vertical line! Error code = 4200
0	22:00:56.788	objectcreatekea EURUSD,H4: VLineCreate: failed to create a vertical line! Error code = 4200
0	22:00:57.343	objectcreatekea EURUSD,H4: VLineCreate: failed to create a vertical line! Error code = 4200
0	22:01:03.744	objectcreatekea EURUSD,H4: VLineCreate: failed to create a vertical line! Error code = 4200
0	22:01:05.630	objectcreatekea EURUSD,H4: VLineCreate: failed to create a vertical line! Error code = 4200
0	22:01:06.631	objectcreatekea EURUSD,H4: VLineCreate: failed to create a vertical line! Error code = 4200
0	22:02:19.108	objectcreatekea EURUSD,H4: VLineCreate: failed to create a vertical line! Error code = 4200
0	22:02:41.667	objectcreatekea EURUSD,H4: VLineCreate: failed to create a vertical line! Error code = 4200
0	22:20:03.130	objectcreatekea EURUSD,H4: VLineCreate: failed to create a vertical line! Error code = 4200
0	22:22:48.507	objectcreatekea EURUSD,H4: VLineCreate: failed to create a vertical line! Error code = 4200
0	22:22:48.701	objectcreatekea EURUSD,H4: VLineCreate: failed to create a vertical line! Error code = 4200
0	22:23:02.025	objectcreatekea EURUSD,H4: VLineCreate: failed to create a vertical line! Error code = 4200
0	22:23:04.540	objectcreatekea EURUSD,H4: VLineCreate: failed to create a vertical line! Error code = 4200
0	22:23:11.434	objectcreatekea EURUSD,H4: VLineCreate: failed to create a vertical line! Error code = 4200
0	22:23:11.847	objectcreatekea EURUSD,H4: VLineCreate: failed to create a vertical line! Error code = 4200
0	22:23:16.209	objectcreatekea EURUSD,H4: VLineCreate: failed to create a vertical line! Error code = 4200
0	22:23:17.051	objectcreatekea EURUSD,H4: VLineCreate: failed to create a vertical line! Error code = 4200
0	22:23:18.909	objectcreatekea EURUSD,H4: VLineCreate: failed to create a vertical line! Error code = 4200
0	22:23:19.110	objectcreatekea EURUSD,H4: VLineCreate: failed to create a vertical line! Error code = 4200
0	22:23:20.030	objectcreatekea EURUSD,H4: VLineCreate: failed to create a vertical line! Error code = 4200
0	22:23:36.018	objectcreatekea EURUSD,H4: VLineCreate: failed to create a vertical line! Error code = 4200
0	22:23:40.230	objectcreatekea EURUSD,H4: VLineCreate: failed to create a vertical line! Error code = 4200
0	22:23:44.121	objectcreatekea EURUSD,H4: VLineCreate: failed to create a vertical line! Error code = 4200
0	22:23:46.521	objectcreatekea EURUSD,H4: VLineCreate: failed to create a vertical line! Error code = 4200
0	22:23:47.053	objectcreatekea EURUSD,H4: VLineCreate: failed to create a vertical line! Error code = 4200
0	22:24:22.361	objectcreatekea EURUSD,H4: VLineCreate: failed to create a vertical line! Error code = 4200
0	22:24:23.043	objectcreatekea EURUSD,H4: VLineCreate: failed to create a vertical line! Error code = 4200
0	22:24:36.942	objectcreatekea EURUSD,H4: VLineCreate: failed to create a vertical line! Error code = 4200
0	22:24:39.431	objectcreatekea EURUSD,H4: VLineCreate: failed to create a vertical line! Error code = 4200
0	22:24:41.921	objectcreatekea EURUSD,H4: VLineCreate: failed to create a vertical line! Error code = 4200
0	22:24:43.846	objectcreatekea EURUSD,H4: VLineCreate: failed to create a vertical line! Error code = 4200
0	22:24:54.641	objectcreatekea EURUSD,H4: VLineCreate: failed to create a vertical line! Error code = 4200
0	22:24:56.622	objectcreatekea EURUSD,H4: VLineCreate: failed to create a vertical line! Error code = 4200
0	22:25:02.328	objectcreatekea EURUSD,H4: VLineCreate: failed to create a vertical line! Error code = 4200
0	22:25:03.546	objectcreatekea EURUSD,H4: VLineCreate: failed to create a vertical line! Error code = 4200
0	22:25:04.851	objectcreatekea EURUSD,H4: VLineCreate: failed to create a vertical line! Error code = 4200
0	22:25:06.263	objectcreatekea EURUSD,H4: VLineCreate: failed to create a vertical line! Error code = 4200
0	22:25:12.577	objectcreatekea EURUSD,H4: VLineCreate: failed to create a vertical line! Error code = 4200
0	22:25:13.369	objectcreatekea EURUSD,H4: VLineCreate: failed to create a vertical line! Error code = 4200
0	22:25:13.891	objectcreatekea EURUSD,H4: VLineCreate: failed to create a vertical line! Error code = 4200
0	22:25:17.712	objectcreatekea EURUSD,H4: VLineCreate: failed to create a vertical line! Error code = 4200
0	22:25:19.197	objectcreatekea EURUSD,H4: VLineCreate: failed to create a vertical line! Error code = 4200
0	22:25:19.465	objectcreatekea EURUSD,H4: VLineCreate: failed to create a vertical line! Error code = 4200
0	22:25:19.705	objectcreatekea EURUSD,H4: VLineCreate: failed to create a vertical line! Error code = 4200
0	22:25:21.586	objectcreatekea EURUSD,H4: VLineCreate: failed to create a vertical line! Error code = 4200
0	22:25:28.904	objectcreatekea EURUSD,H4: VLineCreate: failed to create a vertical line! Error code = 4200
0	22:25:33.423	objectcreatekea EURUSD,H4: VLineCreate: failed to create a vertical line! Error code = 4200
0	22:25:33.837	objectcreatekea EURUSD,H4: VLineCreate: failed to create a vertical line! Error code = 4200
0	22:25:43.819	objectcreatekea EURUSD,H4: VLineCreate: failed to create a vertical line! Error code = 4200
0	22:25:45.219	objectcreatekea EURUSD,H4: VLineCreate: failed to create a vertical line! Error code = 4200
0	22:26:21.520	objectcreatekea EURUSD,H4: VLineCreate: failed to create a vertical line! Error code = 4200
0	22:26:23.620	objectcreatekea EURUSD,H4: VLineCreate: failed to create a vertical line! Error code = 4200
0	22:26:48.901	objectcreatekea EURUSD,H4: VLineCreate: failed to create a vertical line! Error code = 4200
0	22:27:09.902	objectcreatekea EURUSD,H4: VLineCreate: failed to create a vertical line! Error code = 4200
0	22:27:11.503	objectcreatekea EURUSD,H4: VLineCreate: failed to create a vertical line! Error code = 4200
0	22:27:11.521	objectcreatekea EURUSD,H4: VLineCreate: failed to create a vertical line! Error code = 4200
0	22:27:13.823	objectcreatekea EURUSD,H4: VLineCreate: failed to create a vertical line! Error code = 4200
0	22:30:08.849	objectcreatekea EURUSD,H4: VLineCreate: failed to create a vertical line! Error code = 4200
0	22:32:22.456	objectcreatekea EURUSD,H4: VLineCreate: failed to create a vertical line! Error code = 4200
0	22:32:29.327	objectcreatekea EURUSD,H4: VLineCreate: failed to create a vertical line! Error code = 4200
0	22:32:29.415	objectcreatekea EURUSD,H4: VLineCreate: failed to create a vertical line! Error code = 4200
0	22:32:33.818	objectcreatekea EURUSD,H4: VLineCreate: failed to create a vertical line! Error code = 4200
0	22:32:54.132	objectcreatekea EURUSD,H4: VLineCreate: failed to create a vertical line! Error code = 4200
0	22:33:31.018	objectcreatekea EURUSD,H4: VLineCreate: failed to create a vertical line! Error code = 4200
0	22:35:00.147	objectcreatekea EURUSD,H4: VLineCreate: failed to create a vertical line! Error code = 4200
0	22:35:01.052	objectcreatekea EURUSD,H4: VLineCreate: failed to create a vertical line! Error code = 4200
0	22:35:10.720	objectcreatekea EURUSD,H4: VLineCreate: failed to create a vertical line! Error code = 4200
0	22:35:10.940	objectcreatekea EURUSD,H4: VLineCreate: failed to create a vertical line! Error code = 4200
0	22:35:12.490	objectcreatekea EURUSD,H4: VLineCreate: failed to create a vertical line! Error code = 4200
0	22:35:18.834	objectcreatekea EURUSD,H4: VLineCreate: failed to create a vertical line! Error code = 4200
0	22:35:19.815	objectcreatekea EURUSD,H4: VLineCreate: failed to create a vertical line! Error code = 4200
0	22:35:43.823	objectcreatekea EURUSD,H4: VLineCreate: failed to create a vertical line! Error code = 4200
0	22:36:32.876	objectcreatekea EURUSD,H4: VLineCreate: failed to create a vertical line! Error code = 4200
0	22:36:33.823	objectcreatekea EURUSD,H4: VLineCreate: failed to create a vertical line! Error code = 4200
0	22:36:40.854	objectcreatekea EURUSD,H4: VLineCreate: failed to create a vertical line! Error code = 4200
0	22:36:43.848	objectcreatekea EURUSD,H4: VLineCreate: failed to create a vertical line! Error code = 4200
0	22:36:44.356	objectcreatekea EURUSD,H4: VLineCreate: failed to create a vertical line! Error code = 4200
0	22:36:44.530	objectcreatekea EURUSD,H4: VLineCreate: failed to create a vertical line! Error code = 4200
0	22:37:20.441	objectcreatekea EURUSD,H4: VLineCreate: failed to create a vertical line! Error code = 4200
0	22:37:20.672	objectcreatekea EURUSD,H4: VLineCreate: failed to create a vertical line! Error code = 4200
0	22:37:53.530	objectcreatekea EURUSD,H4: VLineCreate: failed to create a vertical line! Error code = 4200
0	22:37:53.746	objectcreatekea EURUSD,H4: VLineCreate: failed to create a vertical line! Error code = 4200
0	22:37:53.932	objectcreatekea EURUSD,H4: VLineCreate: failed to create a vertical line! Error code = 4200
0	22:44:59.506	objectcreatekea EURUSD,H4: VLineCreate: failed to create a vertical line! Error code = 4200
0	22:53:25.886	Gadi_OBV_v2.2 for EA EURUSD,H4: uninit reason 4
0	22:53:25.886	TVI EURUSD,H4: uninit reason 4
0	22:53:25.888	objectcreatekea EURUSD,H4: uninit reason 4
0	22:53:25.915	Expert objectcreatekea EURUSD,H4: removed
0	22:53:25.934	Custom indicator Gadi_OBV_v2.2 for EA EURUSD,H4: removed
0	22:53:25.934	Custom indicator TVI EURUSD,H4: removed
0	22:56:34.571	Custom indicator OBV ZigZag EURUSD,H1: loaded successfully
0	22:56:36.513	OBV ZigZag EURUSD,H1: initialized
0	23:00:25.634	OBV ZigZag EURUSD,H1: uninit reason 3
0	23:00:25.640	OBV ZigZag EURUSD,M1: initialized
0	23:03:14.542	Custom indicator TVI_v2 EURUSD,M1: loaded successfully
0	23:03:15.680	TVI_v2 EURUSD,M1: initialized
0	23:41:19.084	Heiken_Ashi_Smoothed EURUSD,H4: uninit reason 9
0	23:41:19.131	OBV ZigZag EURUSD,M1: uninit reason 9
0	23:41:19.131	TVI_v2 EURUSD,M1: uninit reason 9
0	23:41:19.240	Custom indicator Heiken_Ashi_Smoothed EURUSD,H4: removed
0	23:41:19.287	Custom indicator OBV ZigZag EURUSD,M1: removed
0	23:41:19.287	Custom indicator TVI_v2 EURUSD,M1: removed
