0	12:11:51.960	Custom indicator Heiken_Ashi_Smoothed EURUSD,H4: loaded successfully
0	12:11:51.964	Heiken_Ashi_Smoothed EURUSD,H4: initialized
0	12:12:13.068	Heiken_Ashi_Smoothed EURUSD,H4: uninit reason 4
0	12:12:13.121	Custom indicator Heiken_Ashi_Smoothed EURUSD,H4: removed
0	12:12:13.709	Custom indicator CalendarFX-I-A16 EURUSD,M15: loaded successfully
0	12:12:13.711	Expert EA 2015\News Trader EA_V1 EURUSD,M15: loaded successfully
0	12:12:13.945	CalendarFX-I-A16 EURUSD,M15: initialized
0	12:13:13.928	CalendarFX-I-A16 EURUSD,M15: Alert: EURUSD 15, FFCal Error: File download incomplete!
0	12:13:14.460	Custom indicator NewsCal-v1 GBPUSD,H1: loaded successfully
0	12:13:14.536	NewsCal-v1 GBPUSD,H1: initialized
0	12:17:24.022	Custom indicator Heiken_Ashi_Smoothed EURUSD,H4: loaded successfully
0	12:17:24.022	Heiken_Ashi_Smoothed EURUSD,H4: initialized
0	12:23:49.106	Heiken_Ashi_Smoothed EURUSD,H4: uninit reason 4
0	12:23:49.146	Custom indicator Heiken_Ashi_Smoothed EURUSD,H4: removed
0	12:23:49.218	Custom indicator CalendarFX-I-A16 EURUSD,M15: loaded successfully
0	12:23:49.222	Expert EA 2015\News Trader EA_V1 EURUSD,M15: loaded successfully
0	12:23:49.230	CalendarFX-I-A16 EURUSD,M15: initialized
0	12:23:49.302	Custom indicator NewsCal-v1 GBPUSD,H1: loaded successfully
0	12:23:49.302	NewsCal-v1 GBPUSD,H1: initialized
0	12:23:49.614	Custom indicator CalendarFX-I-A16 EURUSD,M15: loaded successfully
0	12:23:49.626	CalendarFX-I-A16 EURUSD,M15: initialized
0	12:23:49.642	News Trader EA_V1 EURUSD,M15: initialized
0	12:55:36.024	News Trader EA_V1 EURUSD,M15: uninit reason 4
0	12:55:36.024	CalendarFX-I-A16 EURUSD,M15: uninit reason 1
3	12:55:43.517	News Trader EA_V1 EURUSD,M15: shutdown by timeout
0	12:55:58.453	Custom indicator CalendarFX-I-A16 EURUSD,M15: removed
0	12:55:58.453	CalendarFX-I-A16 EURUSD,M15: uninit reason 4
0	12:55:58.453	NewsCal-v1 GBPUSD,H1: deinitialized
0	12:55:58.453	NewsCal-v1 GBPUSD,H1: uninit reason 4
0	12:55:58.500	Custom indicator NewsCal-v1 GBPUSD,H1: removed
0	12:55:58.547	Expert News Trader EA_V1 EURUSD,M15: removed
0	12:55:58.547	Custom indicator CalendarFX-I-A16 EURUSD,M15: removed
