0	15:07:47.560	Custom indicator Heiken_Ashi_Smoothed EURUSD,M15: loaded successfully
0	15:07:47.698	Heiken_Ashi_Smoothed EURUSD,M15: initialized
0	15:56:56.425	Custom indicator Strategy2\xaZZ EURUSD,H1: loaded successfully
0	15:56:57.722	xaZZ EURUSD,H1: initialized
0	15:57:22.394	xaZZ EURUSD,H1: uninit reason 3
0	15:57:22.397	xaZZ EURUSD,M15: initialized
0	15:59:01.112	xaZZ EURUSD,M15: uninit reason 3
0	15:59:01.117	xaZZ EURUSD,M1: initialized
0	16:01:24.495	xaZZ EURUSD,M1: uninit reason 5
0	16:01:24.520	xaZZ EURUSD,M1: initialized
0	16:05:51.307	xaZZ EURUSD,M1: uninit reason 5
0	16:05:51.337	xaZZ EURUSD,M1: initialized
0	16:40:45.315	Custom indicator Heiken_Ashi_Smoothed EURUSD,M1: loaded successfully
0	16:40:46.527	Heiken_Ashi_Smoothed EURUSD,M1: initialized
0	16:42:37.471	Heiken_Ashi_Smoothed EURUSD,M1: uninit reason 1
0	16:42:37.472	Custom indicator Heiken_Ashi_Smoothed EURUSD,M1: removed
0	16:49:52.665	Heiken_Ashi_Smoothed EURUSD,M15: uninit reason 9
0	16:49:52.665	xaZZ EURUSD,M1: uninit reason 9
0	16:49:52.803	Custom indicator Heiken_Ashi_Smoothed EURUSD,M15: removed
0	16:49:52.852	Custom indicator xaZZ EURUSD,M1: removed
0	20:48:34.854	Custom indicator Heiken_Ashi_Smoothed EURUSD,M15: loaded successfully
0	20:48:34.858	Heiken_Ashi_Smoothed EURUSD,M15: initialized
0	20:48:34.901	Custom indicator Strategy2\xaZZ EURUSD,M1: loaded successfully
0	20:48:34.909	xaZZ EURUSD,M1: initialized
