0	13:18:43.120	Custom indicator FFCal EURUSD,M15: loaded successfully
0	13:18:43.124	Custom indicator NewsCal-v1 EURUSD,M15: loaded successfully
0	13:18:43.292	FFCal EURUSD,M15: In Init()...

0	13:18:43.292	FFCal EURUSD,M15: RefreshMin  == 17
0	13:18:43.292	FFCal EURUSD,M15: RefreshHour == 4
0	13:18:43.292	FFCal EURUSD,M15: initialized
0	13:18:43.292	NewsCal-v1 EURUSD,M15: initialized
0	13:18:43.292	FFCal EURUSD,M15: News Indicator is disabled because NO CONNECTION to Broker!
1	13:18:45.232	Cannot call 'wininet.dll::InternetOpenA', DLL is not allowed
1	13:18:45.232	FFCal EURUSD,M15: unresolved import function call
0	18:32:41.773	NewsCal-v1 EURUSD,M15: Can't read XML download
0	18:36:38.577	NewsCal-v1 EURUSD,M15: Can't read XML download
0	18:38:01.802	NewsCal-v1 EURUSD,M15: Can't read XML download
0	18:40:32.525	NewsCal-v1 EURUSD,M15: Can't read XML download
0	18:43:29.029	NewsCal-v1 EURUSD,M15: Download failed - Error number:2
0	19:00:07.864	FFCal EURUSD,M15: uninit reason 9
0	19:00:07.864	NewsCal-v1 EURUSD,M15: deinitialized
0	19:00:07.864	NewsCal-v1 EURUSD,M15: uninit reason 9
0	19:00:07.942	Custom indicator FFCal EURUSD,M15: removed
0	19:00:07.942	Custom indicator NewsCal-v1 EURUSD,M15: removed
0	19:45:05.175	Custom indicator FFCal EURUSD,M15: loaded successfully
0	19:45:05.178	Custom indicator NewsCal-v1 EURUSD,M15: loaded successfully
0	19:45:05.184	FFCal EURUSD,M15: In Init()...

0	19:45:05.184	FFCal EURUSD,M15: RefreshMin  == 44
0	19:45:05.184	FFCal EURUSD,M15: RefreshHour == 3
0	19:45:05.184	FFCal EURUSD,M15: initialized
0	19:45:05.184	NewsCal-v1 EURUSD,M15: initialized
0	19:45:05.185	FFCal EURUSD,M15: News Indicator is disabled because NO CONNECTION to Broker!
1	19:45:23.255	Cannot call 'wininet.dll::InternetOpenA', DLL is not allowed
1	19:45:23.255	FFCal EURUSD,M15: unresolved import function call
0	19:45:30.447	FFCal EURUSD,M15: uninit reason 9
0	19:45:30.447	NewsCal-v1 EURUSD,M15: deinitialized
0	19:45:30.447	NewsCal-v1 EURUSD,M15: uninit reason 9
0	19:45:30.465	Custom indicator FFCal EURUSD,M15: removed
0	19:45:30.465	Custom indicator NewsCal-v1 EURUSD,M15: removed
0	19:45:42.474	Compiling 'MACD Sample'
0	19:45:42.474	Compiling 'Moving Average'
0	19:45:44.718	Compiling 'Accelerator'
0	19:45:44.719	Compiling 'Accumulation'
0	19:45:44.719	Compiling 'Alligator'
0	19:45:44.719	Compiling 'ATR'
0	19:45:44.719	Compiling 'Awesome'
0	19:45:44.719	Compiling 'Bands'
0	19:45:44.719	Compiling 'Bears'
0	19:45:44.719	Compiling 'Bulls'
0	19:45:44.719	Compiling 'CCI'
0	19:45:44.719	Compiling 'Custom Moving Averages'
0	19:45:44.719	Compiling 'Heiken Ashi'
0	19:45:44.719	Compiling 'Ichimoku'
0	19:45:44.719	Compiling 'iExposure'
0	19:45:44.719	Compiling 'MACD'
0	19:45:44.719	Compiling 'Momentum'
0	19:45:44.719	Compiling 'OsMA'
0	19:45:44.719	Compiling 'Parabolic'
0	19:45:44.719	Compiling 'RSI'
0	19:45:44.719	Compiling 'Stochastic'
0	19:45:44.719	Compiling 'ZigZag'
0	19:45:44.720	Compiling 'SimplePanel'
0	19:45:50.225	Compiling 'PeriodConverter'
0	19:45:50.226	Compiling 'DLLSampleTester'
0	19:45:50.226	Compiling 'PipeClient'
0	19:45:50.226	Compiling 'PipeClientPure'
0	19:45:52.121	Compiling 'stdlib'
0	19:45:54.024	Custom indicator FFCal EURUSD,M15: loaded successfully
0	19:45:54.027	Custom indicator NewsCal-v1 EURUSD,M15: loaded successfully
0	19:45:54.040	FFCal EURUSD,M15: In Init()...

0	19:45:54.040	FFCal EURUSD,M15: RefreshMin  == 24
0	19:45:54.040	FFCal EURUSD,M15: RefreshHour == 5
0	19:45:54.040	FFCal EURUSD,M15: initialized
0	19:45:54.041	NewsCal-v1 EURUSD,M15: initialized
0	19:45:54.041	FFCal EURUSD,M15: News Indicator is disabled because NO CONNECTION to Broker!
1	19:45:58.003	Cannot call 'wininet.dll::InternetOpenA', DLL is not allowed
1	19:45:58.003	FFCal EURUSD,M15: unresolved import function call
