0	00:43:30.713	News Trader EA_V1 EURUSD,M1: uninit reason 2
0	00:43:30.716	CalendarFX-I-A16 EURUSD,M1: uninit reason 1
3	00:43:40.713	News Trader EA_V1 EURUSD,M1: shutdown by timeout
0	00:43:40.746	Custom indicator CalendarFX-I-A16 EURUSD,M1: removed
0	00:43:40.747	Expert News Trader EA_V1 EURUSD,M1: removed
0	00:43:40.754	Expert EA 2015\News Trader EA_V1 EURUSD,M1: loaded successfully
0	00:43:40.784	Custom indicator CalendarFX-I-A16 EURUSD,M1: loaded successfully
0	00:43:40.799	CalendarFX-I-A16 EURUSD,M1: initialized
0	00:43:40.805	News Trader EA_V1 EURUSD,M1: initialized
0	00:44:06.796	News Trader EA_V1 EURUSD,M1: uninit reason 2
0	00:44:06.796	CalendarFX-I-A16 EURUSD,M1: uninit reason 1
3	00:44:16.796	News Trader EA_V1 EURUSD,M1: shutdown by timeout
0	00:44:16.812	Custom indicator CalendarFX-I-A16 EURUSD,M1: removed
0	00:44:16.813	Expert News Trader EA_V1 EURUSD,M1: removed
0	00:44:16.819	Expert EA 2015\News Trader EA_V1 EURUSD,M1: loaded successfully
0	00:44:16.836	Custom indicator CalendarFX-I-A16 EURUSD,M1: loaded successfully
0	00:44:16.859	CalendarFX-I-A16 EURUSD,M1: initialized
0	00:44:16.883	News Trader EA_V1 EURUSD,M1: initialized
0	00:44:42.540	News Trader EA_V1 EURUSD,M1: uninit reason 2
0	00:44:42.540	CalendarFX-I-A16 EURUSD,M1: uninit reason 1
3	00:44:52.538	News Trader EA_V1 EURUSD,M1: shutdown by timeout
0	00:44:53.553	Custom indicator CalendarFX-I-A16 EURUSD,M1: removed
0	00:44:53.554	Expert News Trader EA_V1 EURUSD,M1: removed
0	00:44:53.559	Expert EA 2015\News Trader EA_V1 EURUSD,M1: loaded successfully
0	00:44:53.583	Custom indicator CalendarFX-I-A16 EURUSD,M1: loaded successfully
0	00:44:53.609	CalendarFX-I-A16 EURUSD,M1: initialized
0	00:44:53.648	News Trader EA_V1 EURUSD,M1: initialized
0	00:45:57.041	News Trader EA_V1 EURUSD,M1: uninit reason 2
0	00:45:57.041	CalendarFX-I-A16 EURUSD,M1: uninit reason 1
3	00:46:07.040	News Trader EA_V1 EURUSD,M1: shutdown by timeout
0	00:46:07.066	Custom indicator CalendarFX-I-A16 EURUSD,M1: removed
0	00:46:07.067	Expert News Trader EA_V1 EURUSD,M1: removed
0	00:46:07.073	Expert EA 2015\News Trader EA_V1 EURUSD,M1: loaded successfully
0	00:46:07.098	Custom indicator CalendarFX-I-A16 EURUSD,M1: loaded successfully
0	00:46:07.126	CalendarFX-I-A16 EURUSD,M1: initialized
0	00:46:07.163	News Trader EA_V1 EURUSD,M1: initialized
0	00:46:54.082	News Trader EA_V1 EURUSD,M1: uninit reason 2
0	00:46:54.082	CalendarFX-I-A16 EURUSD,M1: uninit reason 1
3	00:47:04.081	News Trader EA_V1 EURUSD,M1: shutdown by timeout
0	00:47:04.114	Custom indicator CalendarFX-I-A16 EURUSD,M1: removed
0	00:47:04.115	Expert News Trader EA_V1 EURUSD,M1: removed
0	00:47:04.121	Expert EA 2015\News Trader EA_V1 EURUSD,M1: loaded successfully
0	00:47:04.143	Custom indicator CalendarFX-I-A16 EURUSD,M1: loaded successfully
0	00:47:04.165	CalendarFX-I-A16 EURUSD,M1: initialized
0	00:47:04.172	News Trader EA_V1 EURUSD,M1: initialized
0	00:47:47.491	News Trader EA_V1 EURUSD,M1: uninit reason 2
0	00:47:47.491	CalendarFX-I-A16 EURUSD,M1: uninit reason 1
3	00:47:57.489	News Trader EA_V1 EURUSD,M1: shutdown by timeout
0	00:47:57.519	Custom indicator CalendarFX-I-A16 EURUSD,M1: removed
0	00:47:57.520	Expert News Trader EA_V1 EURUSD,M1: removed
0	00:47:57.526	Expert EA 2015\News Trader EA_V1 EURUSD,M1: loaded successfully
0	00:47:57.549	Custom indicator CalendarFX-I-A16 EURUSD,M1: loaded successfully
0	00:47:57.572	CalendarFX-I-A16 EURUSD,M1: initialized
0	00:47:57.603	News Trader EA_V1 EURUSD,M1: initialized
0	00:48:51.641	News Trader EA_V1 EURUSD,M1: uninit reason 9
0	00:48:51.643	CalendarFX-I-A16 EURUSD,M1: uninit reason 1
3	00:49:01.642	News Trader EA_V1 EURUSD,M1: shutdown by timeout
0	00:49:01.674	Custom indicator CalendarFX-I-A16 EURUSD,M1: removed
0	00:49:01.676	CalendarFX-I-A16 EURUSD,M1: uninit reason 9
0	00:49:01.805	Expert News Trader EA_V1 EURUSD,M1: removed
0	00:49:01.808	Custom indicator CalendarFX-I-A16 EURUSD,M1: removed
0	12:04:46.263	Custom indicator CalendarFX-I-A16 EURUSD,M1: loaded successfully
0	12:04:46.267	Expert EA 2015\News Trader EA_V1 EURUSD,M1: loaded successfully
0	12:04:46.572	CalendarFX-I-A16 EURUSD,M1: initialized
0	12:04:54.402	Custom indicator CalendarFX-I-A16 EURUSD,M1: loaded successfully
0	12:04:54.418	CalendarFX-I-A16 EURUSD,M1: initialized
0	12:04:54.433	News Trader EA_V1 EURUSD,M1: initialized
0	12:45:52.537	Automated trading disabled
3	12:45:52.537	Automated trading disabled because the account has been changed
0	12:45:53.845	News Trader EA_V1 EURUSD,M1: uninit reason 6
0	12:45:53.877	News Trader EA_V1 EURUSD,M1: initialized
0	12:46:51.874	News Trader EA_V1 EURUSD,M1: uninit reason 6
0	12:46:51.905	News Trader EA_V1 EURUSD,M1: initialized
0	15:02:18.403	News Trader EA_V1 EURUSD,M1: uninit reason 6
0	15:02:18.415	News Trader EA_V1 EURUSD,M1: initialized
0	15:02:43.963	News Trader EA_V1 EURUSD,M1: uninit reason 3
0	15:02:43.963	CalendarFX-I-A16 EURUSD,M1: uninit reason 3
0	15:02:44.025	CalendarFX-I-A16 EURUSD,M5: initialized
0	15:02:44.145	Custom indicator CalendarFX-I-A16 EURUSD,M5: loaded successfully
0	15:02:44.176	CalendarFX-I-A16 EURUSD,M5: initialized
0	15:02:44.192	News Trader EA_V1 EURUSD,M5: initialized
0	15:02:51.308	News Trader EA_V1 EURUSD,M5: uninit reason 3
0	15:02:51.312	CalendarFX-I-A16 EURUSD,M5: uninit reason 3
0	15:02:51.332	CalendarFX-I-A16 EURUSD,M15: initialized
0	15:02:51.465	Custom indicator CalendarFX-I-A16 EURUSD,M15: loaded successfully
0	15:02:51.481	CalendarFX-I-A16 EURUSD,M15: initialized
0	15:02:51.497	News Trader EA_V1 EURUSD,M15: initialized
0	15:03:00.420	News Trader EA_V1 EURUSD,M15: uninit reason 3
0	15:03:00.424	CalendarFX-I-A16 EURUSD,M15: uninit reason 3
0	15:03:00.424	CalendarFX-I-A16 EURUSD,M1: initialized
0	15:03:00.432	News Trader EA_V1 EURUSD,M1: initialized
0	15:03:34.956	News Trader EA_V1 EURUSD,M1: uninit reason 6
0	15:03:34.964	News Trader EA_V1 EURUSD,M1: initialized
0	15:05:18.325	Automated trading enabled
0	15:05:20.628	News Trader EA_V1 EURUSD,M1: uninit reason 3
0	15:05:20.628	CalendarFX-I-A16 EURUSD,M1: uninit reason 3
0	15:05:20.628	CalendarFX-I-A16 EURUSD,M5: initialized
0	15:05:20.644	News Trader EA_V1 EURUSD,M5: initialized
0	15:05:23.555	News Trader EA_V1 EURUSD,M5: uninit reason 3
0	15:05:23.555	CalendarFX-I-A16 EURUSD,M5: uninit reason 3
0	15:05:23.555	CalendarFX-I-A16 EURUSD,M1: initialized
0	15:05:23.571	News Trader EA_V1 EURUSD,M1: initialized
0	15:06:13.458	Automated trading disabled
3	15:06:13.458	Automated trading disabled because the account has been changed
0	15:13:06.213	Automated trading enabled
0	15:13:07.102	News Trader EA_V1 EURUSD,M1: uninit reason 3
0	15:13:07.106	CalendarFX-I-A16 EURUSD,M1: uninit reason 3
0	15:13:07.106	CalendarFX-I-A16 EURUSD,M15: initialized
0	15:13:07.125	News Trader EA_V1 EURUSD,M15: initialized
0	15:13:11.790	News Trader EA_V1 EURUSD,M15: uninit reason 3
0	15:13:11.794	CalendarFX-I-A16 EURUSD,M15: uninit reason 3
0	15:13:11.794	CalendarFX-I-A16 EURUSD,M1: initialized
0	15:13:11.810	News Trader EA_V1 EURUSD,M1: initialized
0	15:13:14.526	News Trader EA_V1 EURUSD,M1: uninit reason 3
0	15:13:14.530	CalendarFX-I-A16 EURUSD,M1: uninit reason 3
0	15:13:14.530	CalendarFX-I-A16 EURUSD,M15: initialized
0	15:13:14.538	News Trader EA_V1 EURUSD,M15: initialized
0	15:13:16.383	News Trader EA_V1 EURUSD,M15: uninit reason 3
0	15:13:16.383	CalendarFX-I-A16 EURUSD,M15: uninit reason 3
0	15:13:16.423	CalendarFX-I-A16 EURUSD,M30: initialized
0	15:13:16.531	Custom indicator CalendarFX-I-A16 EURUSD,M30: loaded successfully
0	15:13:16.555	CalendarFX-I-A16 EURUSD,M30: initialized
0	15:13:16.591	News Trader EA_V1 EURUSD,M30: initialized
0	15:13:18.111	News Trader EA_V1 EURUSD,M30: uninit reason 3
0	15:13:18.111	CalendarFX-I-A16 EURUSD,M30: uninit reason 3
0	15:13:18.111	CalendarFX-I-A16 EURUSD,M1: initialized
0	15:13:18.115	News Trader EA_V1 EURUSD,M1: initialized
0	15:13:19.679	News Trader EA_V1 EURUSD,M1: uninit reason 3
0	15:13:19.679	CalendarFX-I-A16 EURUSD,M1: uninit reason 3
0	15:13:19.679	CalendarFX-I-A16 EURUSD,M15: initialized
0	15:13:19.687	News Trader EA_V1 EURUSD,M15: initialized
0	15:13:24.216	News Trader EA_V1 EURUSD,M15: uninit reason 3
0	15:13:24.220	CalendarFX-I-A16 EURUSD,M15: uninit reason 3
0	15:13:24.220	CalendarFX-I-A16 EURUSD,M1: initialized
0	15:13:24.224	News Trader EA_V1 EURUSD,M1: initialized
0	15:13:29.396	News Trader EA_V1 EURUSD,M1: uninit reason 3
0	15:13:29.400	CalendarFX-I-A16 EURUSD,M1: uninit reason 3
0	15:13:29.456	CalendarFX-I-A16 EURUSD,Weekly: initialized
0	15:13:29.556	Custom indicator CalendarFX-I-A16 EURUSD,Weekly: loaded successfully
0	15:13:29.584	CalendarFX-I-A16 EURUSD,Weekly: initialized
0	15:13:29.600	News Trader EA_V1 EURUSD,Weekly: initialized
0	15:13:31.461	News Trader EA_V1 EURUSD,Weekly: uninit reason 3
0	15:13:31.465	CalendarFX-I-A16 EURUSD,Weekly: uninit reason 3
0	15:13:31.469	CalendarFX-I-A16 EURUSD,H4: initialized
0	15:13:31.569	Custom indicator CalendarFX-I-A16 EURUSD,H4: loaded successfully
0	15:13:31.585	CalendarFX-I-A16 EURUSD,H4: initialized
0	15:13:31.605	News Trader EA_V1 EURUSD,H4: initialized
0	15:13:32.161	News Trader EA_V1 EURUSD,H4: uninit reason 3
0	15:13:32.165	CalendarFX-I-A16 EURUSD,H4: uninit reason 3
0	15:13:32.201	CalendarFX-I-A16 EURUSD,H1: initialized
0	15:13:32.305	Custom indicator CalendarFX-I-A16 EURUSD,H1: loaded successfully
0	15:13:32.329	CalendarFX-I-A16 EURUSD,H1: initialized
0	15:13:32.349	News Trader EA_V1 EURUSD,H1: initialized
0	15:13:37.854	News Trader EA_V1 EURUSD,H1: uninit reason 3
0	15:13:37.858	CalendarFX-I-A16 EURUSD,H1: uninit reason 3
0	15:13:37.858	CalendarFX-I-A16 EURUSD,M1: initialized
0	15:13:37.862	News Trader EA_V1 EURUSD,M1: initialized
0	15:13:39.582	News Trader EA_V1 EURUSD,M1: uninit reason 3
0	15:13:39.582	CalendarFX-I-A16 EURUSD,M1: uninit reason 3
0	15:13:39.582	CalendarFX-I-A16 EURUSD,M15: initialized
0	15:13:39.590	News Trader EA_V1 EURUSD,M15: initialized
0	15:13:41.598	News Trader EA_V1 EURUSD,M15: uninit reason 3
0	15:13:41.598	CalendarFX-I-A16 EURUSD,M15: uninit reason 3
0	15:13:41.598	CalendarFX-I-A16 EURUSD,M5: initialized
0	15:13:41.618	News Trader EA_V1 EURUSD,M5: initialized
0	15:23:49.631	CalendarFX-I-A16 EURUSD,M1: uninit reason 1
0	15:23:49.631	Custom indicator CalendarFX-I-A16 EURUSD,M1: removed
0	15:31:59.935	News Trader EA_V1 EURUSD,M5: uninit reason 3
0	15:31:59.935	CalendarFX-I-A16 EURUSD,M5: uninit reason 3
0	15:31:59.936	CalendarFX-I-A16 EURUSD,M15: initialized
0	15:31:59.955	News Trader EA_V1 EURUSD,M15: initialized
0	15:32:01.630	News Trader EA_V1 EURUSD,M15: uninit reason 3
0	15:32:01.631	CalendarFX-I-A16 EURUSD,M15: uninit reason 3
0	15:32:01.632	CalendarFX-I-A16 EURUSD,H1: initialized
0	15:32:01.650	News Trader EA_V1 EURUSD,H1: initialized
0	15:32:03.830	News Trader EA_V1 EURUSD,H1: uninit reason 3
0	15:32:03.831	CalendarFX-I-A16 EURUSD,H1: uninit reason 3
0	15:32:03.832	CalendarFX-I-A16 EURUSD,M5: initialized
0	15:32:03.851	News Trader EA_V1 EURUSD,M5: initialized
0	16:29:47.473	Custom indicator EJ_CandleTime AUDCAD,M15: loaded successfully
0	16:29:48.504	EJ_CandleTime AUDCAD,M15: initialized
0	16:29:52.123	EJ_CandleTime AUDCAD,M15: uninit reason 3
0	16:29:52.123	EJ_CandleTime AUDCAD,M5: initialized
0	16:29:52.866	EJ_CandleTime AUDCAD,M5: uninit reason 3
0	16:29:52.866	EJ_CandleTime AUDCAD,M15: initialized
0	16:30:10.289	Custom indicator BarTimer AUDCAD,M15: loaded successfully
0	16:30:11.586	BarTimer AUDCAD,M15: initialized
0	16:30:30.486	EJ_CandleTime AUDCAD,M15: uninit reason 3
0	16:30:30.486	BarTimer AUDCAD,M15: uninit reason 3
0	16:30:30.486	EJ_CandleTime AUDCAD,H1: initialized
0	16:30:30.486	BarTimer AUDCAD,H1: initialized
0	16:30:56.400	EJ_CandleTime AUDCAD,H1: uninit reason 3
0	16:30:56.400	BarTimer AUDCAD,H1: uninit reason 3
0	16:30:56.400	EJ_CandleTime AUDCAD,M15: initialized
0	16:30:56.400	BarTimer AUDCAD,M15: initialized
0	16:31:09.177	Custom indicator BarTimer NATGASUSD,H4: loaded successfully
0	16:31:10.193	BarTimer NATGASUSD,H4: initialized
0	16:31:56.973	EJ_CandleTime AUDCAD,M15: uninit reason 3
0	16:31:56.973	BarTimer AUDCAD,M15: uninit reason 3
0	16:31:56.973	EJ_CandleTime AUDCAD,M5: initialized
0	16:31:56.973	BarTimer AUDCAD,M5: initialized
0	16:32:20.571	EJ_CandleTime AUDCAD,M5: uninit reason 3
0	16:32:20.571	BarTimer AUDCAD,M5: uninit reason 3
0	16:32:20.571	EJ_CandleTime AUDCAD,M15: initialized
0	16:32:20.571	BarTimer AUDCAD,M15: initialized
0	16:32:25.625	BarTimer NATGASUSD,H4: uninit reason 3
0	16:32:25.625	BarTimer NATGASUSD,M15: initialized
0	16:32:32.636	BarTimer NATGASUSD,M15: uninit reason 3
0	16:32:32.636	BarTimer NATGASUSD,H1: initialized
0	16:32:37.246	BarTimer NATGASUSD,H1: uninit reason 3
0	16:32:37.246	BarTimer NATGASUSD,H4: initialized
0	16:32:41.026	BarTimer NATGASUSD,H4: uninit reason 3
0	16:32:41.026	BarTimer NATGASUSD,H1: initialized
0	16:32:44.668	BarTimer NATGASUSD,H1: uninit reason 3
0	16:32:44.668	BarTimer NATGASUSD,M15: initialized
0	16:33:57.631	EJ_CandleTime AUDCAD,M15: uninit reason 3
0	16:33:57.631	BarTimer AUDCAD,M15: uninit reason 3
0	16:33:57.631	EJ_CandleTime AUDCAD,H1: initialized
0	16:33:57.631	BarTimer AUDCAD,H1: initialized
0	16:33:59.919	EJ_CandleTime AUDCAD,H1: uninit reason 3
0	16:33:59.919	BarTimer AUDCAD,H1: uninit reason 3
0	16:33:59.919	EJ_CandleTime AUDCAD,H4: initialized
0	16:33:59.919	BarTimer AUDCAD,H4: initialized
0	16:34:09.134	BarTimer NATGASUSD,M15: uninit reason 3
0	16:34:09.134	BarTimer NATGASUSD,H4: initialized
0	16:35:22.517	EJ_CandleTime AUDCAD,H4: uninit reason 3
0	16:35:22.517	BarTimer AUDCAD,H4: uninit reason 3
0	16:35:22.517	EJ_CandleTime AUDCAD,H1: initialized
0	16:35:22.517	BarTimer AUDCAD,H1: initialized
0	16:35:26.013	EJ_CandleTime AUDCAD,H1: uninit reason 3
0	16:35:26.013	BarTimer AUDCAD,H1: uninit reason 3
0	16:35:26.013	EJ_CandleTime AUDCAD,M15: initialized
0	16:35:26.013	BarTimer AUDCAD,M15: initialized
0	16:35:33.357	EJ_CandleTime AUDCAD,M15: uninit reason 3
0	16:35:33.357	BarTimer AUDCAD,M15: uninit reason 3
0	16:35:33.357	EJ_CandleTime AUDCAD,H1: initialized
0	16:35:33.357	BarTimer AUDCAD,H1: initialized
0	18:15:10.176	Compiling 'EA 2015\mGRID EA_V10_copy_V4'
0	18:27:29.164	News Trader EA_V1 EURUSD,M5: uninit reason 2
0	18:27:29.164	CalendarFX-I-A16 EURUSD,H1: uninit reason 1
3	18:27:39.159	News Trader EA_V1 EURUSD,M5: shutdown by timeout
0	18:27:49.340	Custom indicator CalendarFX-I-A16 EURUSD,H1: removed
0	18:27:49.340	CalendarFX-I-A16 EURUSD,H4: uninit reason 1
0	18:27:49.371	Custom indicator CalendarFX-I-A16 EURUSD,H4: removed
0	18:27:49.371	CalendarFX-I-A16 EURUSD,Weekly: uninit reason 1
0	18:27:49.371	Custom indicator CalendarFX-I-A16 EURUSD,Weekly: removed
0	18:27:49.371	CalendarFX-I-A16 EURUSD,M30: uninit reason 1
0	18:27:49.371	Custom indicator CalendarFX-I-A16 EURUSD,M30: removed
0	18:27:49.371	CalendarFX-I-A16 EURUSD,M15: uninit reason 1
0	18:27:49.387	Custom indicator CalendarFX-I-A16 EURUSD,M15: removed
0	18:27:49.387	CalendarFX-I-A16 EURUSD,M5: uninit reason 1
0	18:27:49.387	Custom indicator CalendarFX-I-A16 EURUSD,M5: removed
0	18:27:49.387	Expert News Trader EA_V1 EURUSD,M5: removed
0	18:27:49.434	Expert EA 2015\News Trader EA_V1 EURUSD,M5: loaded successfully
0	18:27:49.434	Custom indicator CalendarFX-I-A16 EURUSD,M5: loaded successfully
0	18:27:49.450	CalendarFX-I-A16 EURUSD,M5: initialized
0	18:27:49.465	News Trader EA_V1 EURUSD,M5: initialized
0	19:14:42.130	BarTimer NATGASUSD,H4: uninit reason 4
0	19:14:42.130	Custom indicator BarTimer NATGASUSD,H4: removed
0	19:38:41.026	Automated trading disabled
0	19:39:13.512	Expert EA 2015\mGRID EA_V10 EURGBP,H1: loaded successfully
0	19:39:26.795	mGRID EA_V10 EURGBP,H1 inputs: LOTS=0.01; UpperLimit=0.14; LowerLimit=0.08; LEVELS=100; RETRACEMENT=5; CloseAtProfit=4; EnableFridayClose=false; MAGIC=1803; 
0	19:39:26.795	mGRID EA_V10 EURGBP,H1: initialized
0	19:39:30.110	mGRID EA_V10 EURGBP,H1: sell_stop
0	19:39:30.110	mGRID EA_V10 EURGBP,H1: 0
3	19:39:30.110	mGRID EA_V10 EURGBP,H1: trade operations not allowed by settings
0	19:39:33.189	mGRID EA_V10 EURGBP,H1: sell_stop
0	19:39:33.189	mGRID EA_V10 EURGBP,H1: 0
0	19:39:37.002	mGRID EA_V10 EURGBP,H1: sell_stop
0	19:39:37.002	mGRID EA_V10 EURGBP,H1: 0
0	19:39:37.487	mGRID EA_V10 EURGBP,H1: uninit reason 3
0	19:39:37.893	mGRID EA_V10 EURGBP,M1: initialized
0	19:39:45.997	mGRID EA_V10 EURGBP,M1: sell_stop
0	19:39:45.997	mGRID EA_V10 EURGBP,M1: 0
3	19:39:45.997	mGRID EA_V10 EURGBP,M1: trade operations not allowed by settings
0	19:39:46.622	mGRID EA_V10 EURGBP,M1: sell_stop
0	19:39:46.622	mGRID EA_V10 EURGBP,M1: 0
0	19:39:52.423	mGRID EA_V10 EURGBP,M1: uninit reason 3
0	19:39:52.673	mGRID EA_V10 EURGBP,M5: initialized
0	19:40:00.343	mGRID EA_V10 EURGBP,M5: sell_stop
0	19:40:00.343	mGRID EA_V10 EURGBP,M5: 0
3	19:40:00.343	mGRID EA_V10 EURGBP,M5: trade operations not allowed by settings
0	19:40:06.710	mGRID EA_V10 EURGBP,M5: sell_stop
0	19:40:06.710	mGRID EA_V10 EURGBP,M5: 0
0	19:40:14.137	mGRID EA_V10 EURGBP,M5: uninit reason 1
0	19:40:14.152	Expert mGRID EA_V10 EURGBP,M5: removed
