0	13:49:38.337	Expert Downloads\BarPriceAction EA_V3 SUGARUSD,H1: loaded successfully
0	13:49:41.399	BarPriceAction EA_V3 SUGARUSD,H1 inputs: TakeProfit=150; 
0	13:49:41.399	BarPriceAction EA_V3 SUGARUSD,H1: initialized
0	13:51:46.949	BarPriceAction EA_V3 SUGARUSD,H1: uninit reason 2
0	13:51:46.949	Expert BarPriceAction EA_V3 SUGARUSD,H1: removed
0	13:51:46.949	Expert Downloads\BarPriceAction EA_V3 SUGARUSD,H1: loaded successfully
0	13:51:46.949	BarPriceAction EA_V3 SUGARUSD,H1: initialized
0	13:53:00.580	BarPriceAction EA_V3 SUGARUSD,H1: uninit reason 2
0	13:53:00.580	Expert BarPriceAction EA_V3 SUGARUSD,H1: removed
0	13:53:00.580	Expert Downloads\BarPriceAction EA_V3 SUGARUSD,H1: loaded successfully
0	13:53:00.580	BarPriceAction EA_V3 SUGARUSD,H1: initialized
0	13:53:38.500	BarPriceAction EA_V3 SUGARUSD,H1: uninit reason 2
0	13:53:38.500	Expert BarPriceAction EA_V3 SUGARUSD,H1: removed
0	13:53:38.500	Expert Downloads\BarPriceAction EA_V3 SUGARUSD,H1: loaded successfully
0	13:53:38.500	BarPriceAction EA_V3 SUGARUSD,H1: initialized
0	14:07:13.411	BarPriceAction EA_V3 SUGARUSD,H1: uninit reason 2
0	14:07:13.411	Expert BarPriceAction EA_V3 SUGARUSD,H1: removed
0	14:07:13.411	Expert Downloads\BarPriceAction EA_V3 SUGARUSD,H1: loaded successfully
0	14:07:13.411	BarPriceAction EA_V3 SUGARUSD,H1: initialized
0	14:08:07.504	BarPriceAction EA_V3 SUGARUSD,H1: uninit reason 2
0	14:08:07.504	Expert BarPriceAction EA_V3 SUGARUSD,H1: removed
0	14:08:07.504	Expert Downloads\BarPriceAction EA_V3 SUGARUSD,H1: loaded successfully
0	14:08:07.504	BarPriceAction EA_V3 SUGARUSD,H1: initialized
0	14:08:15.507	BarPriceAction EA_V3 SUGARUSD,H1: uninit reason 2
0	14:08:15.507	Expert BarPriceAction EA_V3 SUGARUSD,H1: removed
0	14:08:15.507	Expert Downloads\BarPriceAction EA_V3 SUGARUSD,H1: loaded successfully
0	14:08:15.507	BarPriceAction EA_V3 SUGARUSD,H1: initialized
0	14:08:39.701	BarPriceAction EA_V3 SUGARUSD,H1: uninit reason 2
0	14:08:39.701	Expert BarPriceAction EA_V3 SUGARUSD,H1: removed
0	14:08:39.701	Expert Downloads\BarPriceAction EA_V3 SUGARUSD,H1: loaded successfully
0	14:08:39.701	BarPriceAction EA_V3 SUGARUSD,H1: initialized
0	14:08:54.504	BarPriceAction EA_V3 SUGARUSD,H1: uninit reason 2
0	14:08:54.504	Expert BarPriceAction EA_V3 SUGARUSD,H1: removed
0	14:08:54.504	Expert Downloads\BarPriceAction EA_V3 SUGARUSD,H1: loaded successfully
0	14:08:54.504	BarPriceAction EA_V3 SUGARUSD,H1: initialized
0	14:10:22.622	BarPriceAction EA_V3 SUGARUSD,H1: uninit reason 2
0	14:10:22.622	Expert BarPriceAction EA_V3 SUGARUSD,H1: removed
0	14:10:22.622	Expert Downloads\BarPriceAction EA_V3 SUGARUSD,H1: loaded successfully
0	14:10:22.622	BarPriceAction EA_V3 SUGARUSD,H1: initialized
0	14:10:39.801	BarPriceAction EA_V3 SUGARUSD,H1: uninit reason 2
0	14:10:39.801	Expert BarPriceAction EA_V3 SUGARUSD,H1: removed
0	14:10:39.801	Expert Downloads\BarPriceAction EA_V3 SUGARUSD,H1: loaded successfully
0	14:10:39.801	BarPriceAction EA_V3 SUGARUSD,H1: initialized
0	14:18:03.097	BarPriceAction EA_V3 SUGARUSD,H1: uninit reason 2
0	14:18:03.097	Expert BarPriceAction EA_V3 SUGARUSD,H1: removed
0	14:18:03.100	Expert Downloads\BarPriceAction EA_V3 SUGARUSD,H1: loaded successfully
0	14:18:03.105	BarPriceAction EA_V3 SUGARUSD,H1: initialized
0	14:18:26.244	Expert Downloads\BarPriceAction EA_V3 EURUSD,H1: loaded successfully
0	14:18:27.529	BarPriceAction EA_V3 EURUSD,H1 inputs: TakeProfit=150; 
0	14:18:27.535	BarPriceAction EA_V3 EURUSD,H1: initialized
0	14:18:39.041	BarPriceAction EA_V3 EURUSD,H1: uninit reason 1
0	14:18:39.045	Expert BarPriceAction EA_V3 EURUSD,H1: removed
0	14:25:42.263	BarPriceAction EA_V3 SUGARUSD,H1: uninit reason 2
0	14:25:42.263	Expert BarPriceAction EA_V3 SUGARUSD,H1: removed
0	14:25:42.263	Expert Downloads\BarPriceAction EA_V3 SUGARUSD,H1: loaded successfully
0	14:25:42.263	BarPriceAction EA_V3 SUGARUSD,H1: initialized
0	14:25:59.192	BarPriceAction EA_V3 SUGARUSD,H1: uninit reason 2
0	14:25:59.192	Expert BarPriceAction EA_V3 SUGARUSD,H1: removed
0	14:25:59.192	Expert Downloads\BarPriceAction EA_V3 SUGARUSD,H1: loaded successfully
0	14:25:59.192	BarPriceAction EA_V3 SUGARUSD,H1: initialized
0	14:26:18.730	BarPriceAction EA_V3 SUGARUSD,H1: uninit reason 2
0	14:26:18.730	Expert BarPriceAction EA_V3 SUGARUSD,H1: removed
0	14:26:18.730	Expert Downloads\BarPriceAction EA_V3 SUGARUSD,H1: loaded successfully
0	14:26:18.730	BarPriceAction EA_V3 SUGARUSD,H1: initialized
0	14:31:20.307	BarPriceAction EA_V3 SUGARUSD,H1: uninit reason 2
0	14:31:20.307	Expert BarPriceAction EA_V3 SUGARUSD,H1: removed
0	14:31:20.307	Expert Downloads\BarPriceAction EA_V3 SUGARUSD,H1: loaded successfully
0	14:31:20.307	BarPriceAction EA_V3 SUGARUSD,H1: initialized
0	15:45:07.147	BarPriceAction EA_V3 SUGARUSD,H1: uninit reason 2
0	15:45:07.147	Expert BarPriceAction EA_V3 SUGARUSD,H1: removed
0	15:45:07.147	Expert Downloads\BarPriceAction EA_V3 SUGARUSD,H1: loaded successfully
0	15:45:07.147	BarPriceAction EA_V3 SUGARUSD,H1: initialized
0	15:45:13.391	BarPriceAction EA_V3 SUGARUSD,H1: uninit reason 2
0	15:45:13.391	Expert BarPriceAction EA_V3 SUGARUSD,H1: removed
0	15:45:13.391	Expert Downloads\BarPriceAction EA_V3 SUGARUSD,H1: loaded successfully
0	15:45:13.391	BarPriceAction EA_V3 SUGARUSD,H1: initialized
0	15:45:44.512	BarPriceAction EA_V3 SUGARUSD,H1: uninit reason 2
0	15:45:44.512	Expert BarPriceAction EA_V3 SUGARUSD,H1: removed
0	15:45:44.512	Expert Downloads\BarPriceAction EA_V3 SUGARUSD,H1: loaded successfully
0	15:45:44.512	BarPriceAction EA_V3 SUGARUSD,H1: initialized
0	16:44:44.818	BarPriceAction EA_V3 SUGARUSD,H1: uninit reason 2
0	16:44:44.818	Expert BarPriceAction EA_V3 SUGARUSD,H1: removed
0	16:44:44.818	Expert Downloads\BarPriceAction EA_V3 SUGARUSD,H1: loaded successfully
0	16:44:44.833	BarPriceAction EA_V3 SUGARUSD,H1: initialized
0	16:49:16.048	BarPriceAction EA_V3 SUGARUSD,H1: uninit reason 2
0	16:49:16.048	Expert BarPriceAction EA_V3 SUGARUSD,H1: removed
0	16:49:16.048	Expert Downloads\BarPriceAction EA_V3 SUGARUSD,H1: loaded successfully
0	16:49:16.064	BarPriceAction EA_V3 SUGARUSD,H1: initialized
0	16:54:28.127	BarPriceAction EA_V3 SUGARUSD,H1: uninit reason 2
0	16:54:28.127	Expert BarPriceAction EA_V3 SUGARUSD,H1: removed
0	16:54:28.127	Expert Downloads\BarPriceAction EA_V3 SUGARUSD,H1: loaded successfully
0	16:54:28.127	BarPriceAction EA_V3 SUGARUSD,H1: initialized
0	16:55:26.013	BarPriceAction EA_V3 SUGARUSD,H1: uninit reason 2
0	16:55:26.013	Expert BarPriceAction EA_V3 SUGARUSD,H1: removed
0	16:55:26.013	Expert Downloads\BarPriceAction EA_V3 SUGARUSD,H1: loaded successfully
0	16:55:26.013	BarPriceAction EA_V3 SUGARUSD,H1: initialized
0	17:02:31.063	BarPriceAction EA_V3 SUGARUSD,H1: uninit reason 2
0	17:02:31.063	Expert BarPriceAction EA_V3 SUGARUSD,H1: removed
0	17:02:31.063	Expert Downloads\BarPriceAction EA_V3 SUGARUSD,H1: loaded successfully
0	17:02:31.063	BarPriceAction EA_V3 SUGARUSD,H1: initialized
0	17:02:41.766	BarPriceAction EA_V3 SUGARUSD,H1: uninit reason 2
0	17:02:41.766	Expert BarPriceAction EA_V3 SUGARUSD,H1: removed
0	17:02:41.766	Expert Downloads\BarPriceAction EA_V3 SUGARUSD,H1: loaded successfully
0	17:02:41.766	BarPriceAction EA_V3 SUGARUSD,H1: initialized
0	17:26:27.073	BarPriceAction EA_V3 SUGARUSD,H1: uninit reason 2
0	17:26:27.074	Expert BarPriceAction EA_V3 SUGARUSD,H1: removed
0	17:26:27.077	Expert Downloads\BarPriceAction EA_V3 SUGARUSD,H1: loaded successfully
0	17:26:27.086	BarPriceAction EA_V3 SUGARUSD,H1: initialized
0	17:27:07.793	BarPriceAction EA_V3 SUGARUSD,H1: uninit reason 2
0	17:27:07.793	Expert BarPriceAction EA_V3 SUGARUSD,H1: removed
0	17:27:07.795	Expert Downloads\BarPriceAction EA_V3 SUGARUSD,H1: loaded successfully
0	17:27:07.799	BarPriceAction EA_V3 SUGARUSD,H1: initialized
0	17:27:38.405	BarPriceAction EA_V3 SUGARUSD,H1: uninit reason 2
0	17:27:38.405	Expert BarPriceAction EA_V3 SUGARUSD,H1: removed
0	17:27:38.408	Expert Downloads\BarPriceAction EA_V3 SUGARUSD,H1: loaded successfully
0	17:27:38.411	BarPriceAction EA_V3 SUGARUSD,H1: initialized
0	17:56:41.704	BarPriceAction EA_V3 SUGARUSD,H1: uninit reason 2
0	17:56:41.704	Expert BarPriceAction EA_V3 SUGARUSD,H1: removed
0	17:56:41.704	Expert Downloads\BarPriceAction EA_V3 SUGARUSD,H1: loaded successfully
0	17:56:41.704	BarPriceAction EA_V3 SUGARUSD,H1: initialized
0	18:23:08.635	Compiling 'Downloads\BarPriceAction EA_V2'
0	20:02:08.510	BarPriceAction EA_V3 SUGARUSD,H1: uninit reason 6
0	20:02:08.541	BarPriceAction EA_V3 SUGARUSD,H1: initialized
0	21:15:42.108	BarPriceAction EA_V3 SUGARUSD,H1: uninit reason 1
0	21:15:42.112	Expert BarPriceAction EA_V3 SUGARUSD,H1: removed
