0	00:31:05.237	Heiken_Ashi_Smoothed EURUSD,Daily: uninit reason 9
0	00:31:05.237	TVI_v2 EURUSD,Daily: uninit reason 9
0	00:31:05.389	Custom indicator Heiken_Ashi_Smoothed EURUSD,Daily: removed
0	00:31:05.390	Custom indicator TVI_v2 EURUSD,Daily: removed
0	09:40:35.588	Custom indicator Heiken_Ashi_Smoothed EURUSD,Daily: loaded successfully
0	09:40:35.635	Custom indicator TVI_v2 EURUSD,Daily: loaded successfully
0	09:40:35.635	Heiken_Ashi_Smoothed EURUSD,Daily: initialized
0	09:40:35.651	TVI_v2 EURUSD,Daily: initialized
0	09:41:09.129	Heiken_Ashi_Smoothed EURUSD,Daily: uninit reason 4
0	09:41:09.129	TVI_v2 EURUSD,Daily: uninit reason 4
0	09:41:09.160	Custom indicator Heiken_Ashi_Smoothed EURUSD,Daily: removed
0	09:41:09.160	Custom indicator TVI_v2 EURUSD,Daily: removed
0	09:41:09.301	Custom indicator Heiken_Ashi_Smoothed EURUSD,Daily: loaded successfully
0	09:41:09.301	Custom indicator TVI_v2 EURUSD,Daily: loaded successfully
0	09:41:09.301	Heiken_Ashi_Smoothed EURUSD,Daily: initialized
0	09:41:09.301	TVI_v2 EURUSD,Daily: initialized
0	10:14:37.629	Heiken_Ashi_Smoothed EURUSD,Daily: uninit reason 9
0	10:14:37.629	TVI_v2 EURUSD,Daily: uninit reason 9
0	10:14:37.805	Custom indicator Heiken_Ashi_Smoothed EURUSD,Daily: removed
0	10:14:37.805	Custom indicator TVI_v2 EURUSD,Daily: removed
0	12:18:11.439	Custom indicator Heiken_Ashi_Smoothed EURUSD,Daily: loaded successfully
0	12:18:11.455	Custom indicator TVI_v2 EURUSD,Daily: loaded successfully
0	12:18:11.455	Heiken_Ashi_Smoothed EURUSD,Daily: initialized
0	12:18:11.455	TVI_v2 EURUSD,Daily: initialized
0	12:19:00.690	Heiken_Ashi_Smoothed EURUSD,Daily: uninit reason 4
0	12:19:00.690	TVI_v2 EURUSD,Daily: uninit reason 4
0	12:19:00.690	Custom indicator Heiken_Ashi_Smoothed EURUSD,Daily: removed
0	12:19:00.690	Custom indicator TVI_v2 EURUSD,Daily: removed
0	22:44:31.580	Compiling 'Downloads\mGRID EA_V8'
0	22:44:49.285	Custom indicator FFCal EURUSD,H1: loaded successfully
0	22:44:50.708	FFCal EURUSD,H1: In Init()...

0	22:44:50.708	FFCal EURUSD,H1: RefreshMin  == 13
0	22:44:50.708	FFCal EURUSD,H1: RefreshHour == 1
0	22:44:50.708	FFCal EURUSD,H1: initialized
1	22:44:50.708	Cannot call 'wininet.dll::InternetOpenA', DLL is not allowed
1	22:44:50.708	unresolved import function call
0	22:44:57.502	FFCal EURUSD,H1: uninit reason 3
0	22:44:57.696	FFCal EURUSD,M1: In Init()...

0	22:44:57.696	FFCal EURUSD,M1: RefreshMin  == 36
0	22:44:57.696	FFCal EURUSD,M1: RefreshHour == 5
0	22:44:57.696	FFCal EURUSD,M1: initialized
1	22:44:57.696	Cannot call 'wininet.dll::InternetOpenA', DLL is not allowed
1	22:44:57.696	unresolved import function call
0	22:44:58.527	FFCal EURUSD,M1: uninit reason 3
0	22:44:58.527	FFCal EURUSD,H1: In Init()...

0	22:44:58.527	FFCal EURUSD,H1: RefreshMin  == 39
0	22:44:58.527	FFCal EURUSD,H1: RefreshHour == 2
0	22:44:58.527	FFCal EURUSD,H1: initialized
1	22:44:58.527	Cannot call 'wininet.dll::InternetOpenA', DLL is not allowed
1	22:44:58.527	unresolved import function call
0	22:46:47.611	FFCal EURUSD,H1: uninit reason 5
0	22:46:47.626	FFCal EURUSD,H1: uninit reason 5
0	22:46:47.626	Custom indicator FFCal EURUSD,H1: removed
0	22:46:47.642	Custom indicator FFCal EURUSD,H1: loaded successfully
0	22:46:47.642	FFCal EURUSD,H1: In Init()...

0	22:46:47.642	FFCal EURUSD,H1: RefreshMin  == 35
0	22:46:47.642	FFCal EURUSD,H1: RefreshHour == 0
0	22:46:47.642	FFCal EURUSD,H1: initialized
0	22:46:50.258	FFCal EURUSD,H1: Alert: FFCal Error - Web page download was not complete!
0	22:48:11.105	FFCal EURUSD,H1: uninit reason 5
0	22:48:11.121	FFCal EURUSD,H1: In Init()...

0	22:48:11.121	FFCal EURUSD,H1: RefreshMin  == 9
0	22:48:11.121	FFCal EURUSD,H1: RefreshHour == 4
0	22:48:11.121	FFCal EURUSD,H1: initialized
0	22:48:12.306	FFCal EURUSD,H1: Alert: FFCal Error - Web page download was not complete!
0	22:50:00.645	FFCal EURUSD,H1: Alert: FFCal Error - Web page download was not complete!
0	22:50:00.853	FFCal EURUSD,H1: Alert: FFCal Error - Web page download was not complete!
0	22:50:03.650	FFCal EURUSD,H1: Alert: FFCal Error - Web page download was not complete!
0	22:50:10.940	FFCal EURUSD,H1: uninit reason 1
0	22:50:10.942	Custom indicator FFCal EURUSD,H1: removed
