0	15:24:23.599	Custom indicator RSI GBPUSD,H4: loaded successfully
0	15:24:25.616	RSI GBPUSD,H4: initialized
0	15:32:27.605	RSI GBPUSD,H4: uninit reason 5
0	15:32:27.605	RSI GBPUSD,H4: initialized
0	15:46:24.672	Custom indicator Heiken Ashi GBPUSD,H4: loaded successfully
0	15:46:26.588	Heiken Ashi GBPUSD,H4: initialized
0	15:46:37.532	Heiken Ashi GBPUSD,H4: uninit reason 3
0	15:46:37.532	RSI GBPUSD,H4: uninit reason 3
0	15:46:37.533	Heiken Ashi GBPUSD,H1: initialized
0	15:46:37.533	RSI GBPUSD,H1: initialized
0	16:04:09.320	Heiken Ashi GBPUSD,H1: uninit reason 1
0	16:04:09.320	Custom indicator Heiken Ashi GBPUSD,H1: removed
0	16:04:19.283	Custom indicator Heiken_Ashi_Smoothed GBPUSD,H1: loaded successfully
0	16:04:27.134	Heiken_Ashi_Smoothed GBPUSD,H1: initialized
0	16:38:02.878	RSI GBPUSD,H1: uninit reason 1
0	16:38:02.878	Custom indicator RSI GBPUSD,H1: removed
0	17:02:11.735	Compiling 'Downloads\Volatility_3_pairs'
0	17:02:13.986	Compiling 'Downloads\Volatility2'
0	17:02:15.747	Compiling 'Downloads\Volatility4'
0	17:22:08.938	Heiken_Ashi_Smoothed GBPUSD,H1: uninit reason 3
0	17:22:08.953	Heiken_Ashi_Smoothed GBPUSD,H4: initialized
0	17:22:14.611	Heiken_Ashi_Smoothed GBPUSD,H4: uninit reason 3
0	17:22:14.689	Heiken_Ashi_Smoothed GBPUSD,Daily: initialized
0	17:24:57.104	Heiken_Ashi_Smoothed GBPUSD,Daily: uninit reason 3
0	17:24:57.198	Heiken_Ashi_Smoothed GBPUSD,Weekly: initialized
0	17:25:28.063	Custom indicator Heiken_Ashi_Smoothed BCOUSD,Monthly: loaded successfully
0	17:25:29.907	Heiken_Ashi_Smoothed BCOUSD,Monthly: initialized
0	17:25:52.869	Heiken_Ashi_Smoothed BCOUSD,Monthly: uninit reason 3
0	17:25:52.916	Heiken_Ashi_Smoothed BCOUSD,Weekly: initialized
0	17:26:29.531	Heiken_Ashi_Smoothed BCOUSD,Weekly: uninit reason 3
0	17:26:29.563	Heiken_Ashi_Smoothed BCOUSD,Daily: initialized
0	17:29:46.113	Heiken_Ashi_Smoothed BCOUSD,Daily: uninit reason 3
0	17:29:46.207	Heiken_Ashi_Smoothed BCOUSD,H4: initialized
0	17:29:51.165	Heiken_Ashi_Smoothed BCOUSD,H4: uninit reason 3
0	17:29:51.196	Heiken_Ashi_Smoothed BCOUSD,H1: initialized
0	17:29:53.416	Heiken_Ashi_Smoothed BCOUSD,H1: uninit reason 3
0	17:29:53.416	Heiken_Ashi_Smoothed BCOUSD,H4: initialized
0	17:29:58.222	Heiken_Ashi_Smoothed BCOUSD,H4: uninit reason 3
0	17:29:58.222	Heiken_Ashi_Smoothed BCOUSD,Daily: initialized
0	17:32:32.888	Custom indicator Heiken_Ashi_Smoothed EURUSD,H4: loaded successfully
0	17:32:34.983	Heiken_Ashi_Smoothed EURUSD,H4: initialized
0	17:33:02.529	Heiken_Ashi_Smoothed EURUSD,H4: uninit reason 3
0	17:33:02.832	Heiken_Ashi_Smoothed EURUSD,Daily: initialized
0	17:33:05.641	Heiken_Ashi_Smoothed EURUSD,Daily: uninit reason 3
0	17:33:05.750	Heiken_Ashi_Smoothed EURUSD,Weekly: initialized
0	17:33:19.236	Heiken_Ashi_Smoothed EURUSD,Weekly: uninit reason 3
0	17:33:19.236	Heiken_Ashi_Smoothed EURUSD,H4: initialized
0	17:33:21.753	Heiken_Ashi_Smoothed EURUSD,H4: uninit reason 3
0	17:33:21.753	Heiken_Ashi_Smoothed EURUSD,H1: initialized
0	17:33:39.623	Heiken_Ashi_Smoothed EURUSD,H1: uninit reason 3
0	17:33:39.623	Heiken_Ashi_Smoothed EURUSD,H4: initialized
0	17:33:44.302	Heiken_Ashi_Smoothed EURUSD,H4: uninit reason 3
0	17:33:44.302	Heiken_Ashi_Smoothed EURUSD,Daily: initialized
0	17:33:46.280	Heiken_Ashi_Smoothed EURUSD,Daily: uninit reason 3
0	17:33:46.280	Heiken_Ashi_Smoothed EURUSD,H1: initialized
0	20:41:25.723	Heiken_Ashi_Smoothed EURUSD,H1: uninit reason 2
0	20:41:25.723	Custom indicator Heiken_Ashi_Smoothed EURUSD,H1: removed
0	20:41:25.723	Custom indicator Heiken_Ashi_Smoothed EURUSD,H1: loaded successfully
0	20:41:25.723	Heiken_Ashi_Smoothed EURUSD,H1: initialized
0	20:41:25.738	Heiken_Ashi_Smoothed BCOUSD,Daily: uninit reason 2
0	20:41:25.738	Custom indicator Heiken_Ashi_Smoothed BCOUSD,Daily: removed
0	20:41:25.738	Custom indicator Heiken_Ashi_Smoothed BCOUSD,Daily: loaded successfully
0	20:41:25.738	Heiken_Ashi_Smoothed BCOUSD,Daily: initialized
0	20:41:25.738	Heiken_Ashi_Smoothed GBPUSD,Weekly: uninit reason 2
0	20:41:25.738	Custom indicator Heiken_Ashi_Smoothed GBPUSD,Weekly: removed
0	20:41:25.738	Custom indicator Heiken_Ashi_Smoothed GBPUSD,Weekly: loaded successfully
0	20:41:25.738	Heiken_Ashi_Smoothed GBPUSD,Weekly: initialized
0	20:42:37.845	Heiken_Ashi_Smoothed EURUSD,H1: uninit reason 2
0	20:42:37.845	Custom indicator Heiken_Ashi_Smoothed EURUSD,H1: removed
0	20:42:37.861	Custom indicator Heiken_Ashi_Smoothed EURUSD,H1: loaded successfully
0	20:42:37.861	Heiken_Ashi_Smoothed EURUSD,H1: initialized
0	20:42:37.861	Heiken_Ashi_Smoothed BCOUSD,Daily: uninit reason 2
0	20:42:37.861	Custom indicator Heiken_Ashi_Smoothed BCOUSD,Daily: removed
0	20:42:37.861	Custom indicator Heiken_Ashi_Smoothed BCOUSD,Daily: loaded successfully
0	20:42:37.861	Heiken_Ashi_Smoothed BCOUSD,Daily: initialized
0	20:42:37.861	Heiken_Ashi_Smoothed GBPUSD,Weekly: uninit reason 2
0	20:42:37.861	Custom indicator Heiken_Ashi_Smoothed GBPUSD,Weekly: removed
0	20:42:37.876	Custom indicator Heiken_Ashi_Smoothed GBPUSD,Weekly: loaded successfully
0	20:42:37.876	Heiken_Ashi_Smoothed GBPUSD,Weekly: initialized
0	20:42:47.672	Heiken_Ashi_Smoothed EURUSD,H1: uninit reason 1
0	20:42:47.672	Custom indicator Heiken_Ashi_Smoothed EURUSD,H1: removed
0	20:43:05.770	Heiken_Ashi_Smoothed GBPUSD,Weekly: uninit reason 1
0	20:43:05.770	Custom indicator Heiken_Ashi_Smoothed GBPUSD,Weekly: removed
0	20:43:12.516	Heiken_Ashi_Smoothed BCOUSD,Daily: uninit reason 1
0	20:43:12.516	Custom indicator Heiken_Ashi_Smoothed BCOUSD,Daily: removed
0	22:05:15.643	Custom indicator Heiken_Ashi_Smoothed EURUSD,M5: loaded successfully
0	22:05:17.561	Heiken_Ashi_Smoothed EURUSD,M5: initialized
