0	14:58:14.512	Compiling 'MACD Sample'
0	14:58:14.512	Compiling 'Moving Average'
0	14:58:15.991	Compiling 'Accelerator'
0	14:58:15.991	Compiling 'Accumulation'
0	14:58:15.991	Compiling 'Alligator'
0	14:58:15.991	Compiling 'ATR'
0	14:58:15.991	Compiling 'Awesome'
0	14:58:15.991	Compiling 'Bands'
0	14:58:15.991	Compiling 'Bears'
0	14:58:15.991	Compiling 'Bulls'
0	14:58:15.991	Compiling 'CCI'
0	14:58:15.991	Compiling 'Custom Moving Averages'
0	14:58:15.991	Compiling 'Heiken Ashi'
0	14:58:15.991	Compiling 'Ichimoku'
0	14:58:15.992	Compiling 'iExposure'
0	14:58:15.992	Compiling 'MACD'
0	14:58:15.992	Compiling 'Momentum'
0	14:58:15.992	Compiling 'OsMA'
0	14:58:15.992	Compiling 'Parabolic'
0	14:58:15.992	Compiling 'RSI'
0	14:58:15.992	Compiling 'Stochastic'
0	14:58:15.992	Compiling 'ZigZag'
0	14:58:15.992	Compiling 'SimplePanel'
0	14:58:22.604	Compiling 'PeriodConverter'
0	14:58:22.604	Compiling 'DLLSampleTester'
0	14:58:22.605	Compiling 'PipeClient'
0	14:58:22.605	Compiling 'PipeClientPure'
0	14:58:24.601	Compiling 'stdlib'
0	14:58:26.594	Custom indicator Heiken_Ashi_Smoothed EURUSD,H4: loaded successfully
0	14:58:26.637	Heiken_Ashi_Smoothed EURUSD,H4: initialized
