0	00:23:42.303	Custom indicator Heiken_Ashi_Smoothed EURUSD,H1: loaded successfully
0	00:23:43.325	Heiken_Ashi_Smoothed EURUSD,H1: initialized
0	00:26:16.927	Heiken_Ashi_Smoothed EURUSD,H1: uninit reason 3
0	00:26:16.928	Heiken_Ashi_Smoothed EURUSD,H4: initialized
0	00:58:19.348	Heiken_Ashi_Smoothed EURUSD,H4: uninit reason 5
0	00:58:19.379	Heiken_Ashi_Smoothed EURUSD,H4: initialized
0	00:58:38.327	Heiken_Ashi_Smoothed EURUSD,H4: uninit reason 5
0	00:58:38.359	Heiken_Ashi_Smoothed EURUSD,H4: initialized
0	00:58:48.601	Heiken_Ashi_Smoothed EURUSD,H4: uninit reason 5
0	00:58:48.606	Heiken_Ashi_Smoothed EURUSD,H4: initialized
0	00:59:01.888	Heiken_Ashi_Smoothed EURUSD,H4: uninit reason 5
0	00:59:01.903	Heiken_Ashi_Smoothed EURUSD,H4: initialized
0	00:59:25.650	Heiken_Ashi_Smoothed EURUSD,H4: uninit reason 5
0	00:59:25.682	Heiken_Ashi_Smoothed EURUSD,H4: initialized
0	00:59:44.384	Heiken_Ashi_Smoothed EURUSD,H4: uninit reason 5
0	00:59:44.400	Heiken_Ashi_Smoothed EURUSD,H4: initialized
0	01:00:19.549	Heiken_Ashi_Smoothed EURUSD,H4: uninit reason 5
0	01:00:19.565	Heiken_Ashi_Smoothed EURUSD,H4: initialized
0	01:00:48.697	Heiken_Ashi_Smoothed EURUSD,H4: uninit reason 5
0	01:00:48.712	Heiken_Ashi_Smoothed EURUSD,H4: initialized
0	01:01:01.422	Heiken_Ashi_Smoothed EURUSD,H4: uninit reason 5
0	01:01:01.437	Heiken_Ashi_Smoothed EURUSD,H4: initialized
0	01:01:46.266	Heiken_Ashi_Smoothed EURUSD,H4: uninit reason 5
0	01:01:46.282	Heiken_Ashi_Smoothed EURUSD,H4: initialized
0	01:02:04.224	Heiken_Ashi_Smoothed EURUSD,H4: uninit reason 5
0	01:02:04.255	Heiken_Ashi_Smoothed EURUSD,H4: initialized
0	01:02:18.399	Heiken_Ashi_Smoothed EURUSD,H4: uninit reason 5
0	01:02:18.415	Heiken_Ashi_Smoothed EURUSD,H4: initialized
0	01:02:29.797	Heiken_Ashi_Smoothed EURUSD,H4: uninit reason 5
0	01:02:29.813	Heiken_Ashi_Smoothed EURUSD,H4: initialized
0	01:02:39.310	Heiken_Ashi_Smoothed EURUSD,H4: uninit reason 5
0	01:02:39.326	Heiken_Ashi_Smoothed EURUSD,H4: initialized
0	01:02:49.573	Heiken_Ashi_Smoothed EURUSD,H4: uninit reason 5
0	01:02:49.604	Heiken_Ashi_Smoothed EURUSD,H4: initialized
0	01:02:58.673	Heiken_Ashi_Smoothed EURUSD,H4: uninit reason 5
0	01:02:58.689	Heiken_Ashi_Smoothed EURUSD,H4: initialized
0	01:03:21.501	Heiken_Ashi_Smoothed EURUSD,H4: uninit reason 5
0	01:03:21.533	Heiken_Ashi_Smoothed EURUSD,H4: initialized
0	01:03:59.158	Heiken_Ashi_Smoothed EURUSD,H4: uninit reason 5
0	01:03:59.174	Heiken_Ashi_Smoothed EURUSD,H4: initialized
0	01:04:05.190	Heiken_Ashi_Smoothed EURUSD,H4: uninit reason 5
0	01:04:05.205	Heiken_Ashi_Smoothed EURUSD,H4: initialized
0	01:04:40.938	Heiken_Ashi_Smoothed EURUSD,H4: uninit reason 5
0	01:04:40.970	Heiken_Ashi_Smoothed EURUSD,H4: initialized
0	01:04:47.370	Heiken_Ashi_Smoothed EURUSD,H4: uninit reason 5
0	01:04:47.385	Heiken_Ashi_Smoothed EURUSD,H4: initialized
0	01:04:53.891	Heiken_Ashi_Smoothed EURUSD,H4: uninit reason 5
0	01:04:53.925	Heiken_Ashi_Smoothed EURUSD,H4: initialized
0	01:05:00.127	Heiken_Ashi_Smoothed EURUSD,H4: uninit reason 5
0	01:05:00.142	Heiken_Ashi_Smoothed EURUSD,H4: initialized
0	01:05:09.873	Heiken_Ashi_Smoothed EURUSD,H4: uninit reason 5
0	01:05:09.889	Heiken_Ashi_Smoothed EURUSD,H4: initialized
0	01:05:15.444	Heiken_Ashi_Smoothed EURUSD,H4: uninit reason 5
0	01:05:15.475	Heiken_Ashi_Smoothed EURUSD,H4: initialized
0	01:05:24.045	Heiken_Ashi_Smoothed EURUSD,H4: uninit reason 5
0	01:05:24.061	Heiken_Ashi_Smoothed EURUSD,H4: initialized
0	01:05:31.723	Heiken_Ashi_Smoothed EURUSD,H4: uninit reason 5
0	01:05:31.739	Heiken_Ashi_Smoothed EURUSD,H4: initialized
0	01:05:55.149	Heiken_Ashi_Smoothed EURUSD,H4: uninit reason 5
0	01:05:55.166	Heiken_Ashi_Smoothed EURUSD,H4: initialized
0	01:06:17.304	Heiken_Ashi_Smoothed EURUSD,H4: uninit reason 5
0	01:06:17.335	Heiken_Ashi_Smoothed EURUSD,H4: initialized
0	01:06:32.287	Heiken_Ashi_Smoothed EURUSD,H4: uninit reason 5
0	01:06:32.318	Heiken_Ashi_Smoothed EURUSD,H4: initialized
0	01:06:50.970	Heiken_Ashi_Smoothed EURUSD,H4: uninit reason 5
0	01:06:51.001	Heiken_Ashi_Smoothed EURUSD,H4: initialized
0	01:06:56.065	Heiken_Ashi_Smoothed EURUSD,H4: uninit reason 5
0	01:06:56.081	Heiken_Ashi_Smoothed EURUSD,H4: initialized
0	01:07:14.484	Heiken_Ashi_Smoothed EURUSD,H4: uninit reason 5
0	01:07:14.499	Heiken_Ashi_Smoothed EURUSD,H4: initialized
0	01:07:32.624	Heiken_Ashi_Smoothed EURUSD,H4: uninit reason 5
0	01:07:32.655	Heiken_Ashi_Smoothed EURUSD,H4: initialized
0	01:07:38.245	Heiken_Ashi_Smoothed EURUSD,H4: uninit reason 5
0	01:07:38.276	Heiken_Ashi_Smoothed EURUSD,H4: initialized
0	01:07:44.145	Heiken_Ashi_Smoothed EURUSD,H4: uninit reason 5
0	01:07:44.176	Heiken_Ashi_Smoothed EURUSD,H4: initialized
0	01:07:53.731	Heiken_Ashi_Smoothed EURUSD,H4: uninit reason 5
0	01:07:53.749	Heiken_Ashi_Smoothed EURUSD,H4: initialized
0	01:08:20.153	Heiken_Ashi_Smoothed EURUSD,H4: uninit reason 5
0	01:08:20.184	Heiken_Ashi_Smoothed EURUSD,H4: initialized
0	01:08:49.524	Heiken_Ashi_Smoothed EURUSD,H4: uninit reason 5
0	01:08:49.540	Heiken_Ashi_Smoothed EURUSD,H4: initialized
0	01:08:57.231	Heiken_Ashi_Smoothed EURUSD,H4: uninit reason 5
0	01:08:57.263	Heiken_Ashi_Smoothed EURUSD,H4: initialized
0	01:09:45.167	Heiken_Ashi_Smoothed EURUSD,H4: uninit reason 5
0	01:09:45.183	Heiken_Ashi_Smoothed EURUSD,H4: initialized
0	01:09:58.244	Heiken_Ashi_Smoothed EURUSD,H4: uninit reason 5
0	01:09:58.260	Heiken_Ashi_Smoothed EURUSD,H4: initialized
0	01:10:10.071	Heiken_Ashi_Smoothed EURUSD,H4: uninit reason 5
0	01:10:10.086	Heiken_Ashi_Smoothed EURUSD,H4: initialized
0	01:10:33.412	Heiken_Ashi_Smoothed EURUSD,H4: uninit reason 5
0	01:10:33.428	Heiken_Ashi_Smoothed EURUSD,H4: initialized
0	01:10:48.607	Heiken_Ashi_Smoothed EURUSD,H4: uninit reason 5
0	01:10:48.639	Heiken_Ashi_Smoothed EURUSD,H4: initialized
0	01:11:44.343	Heiken_Ashi_Smoothed EURUSD,H4: uninit reason 5
0	01:11:44.374	Heiken_Ashi_Smoothed EURUSD,H4: initialized
0	01:12:32.485	Heiken_Ashi_Smoothed EURUSD,H4: uninit reason 5
0	01:12:32.516	Heiken_Ashi_Smoothed EURUSD,H4: initialized
0	01:12:40.374	Heiken_Ashi_Smoothed EURUSD,H4: uninit reason 5
0	01:12:40.405	Heiken_Ashi_Smoothed EURUSD,H4: initialized
0	01:12:47.361	Heiken_Ashi_Smoothed EURUSD,H4: uninit reason 5
0	01:12:47.393	Heiken_Ashi_Smoothed EURUSD,H4: initialized
0	01:12:59.318	Heiken_Ashi_Smoothed EURUSD,H4: uninit reason 5
0	01:12:59.350	Heiken_Ashi_Smoothed EURUSD,H4: initialized
0	01:13:08.438	Heiken_Ashi_Smoothed EURUSD,H4: uninit reason 5
0	01:13:08.469	Heiken_Ashi_Smoothed EURUSD,H4: initialized
0	01:13:18.027	Heiken_Ashi_Smoothed EURUSD,H4: uninit reason 5
0	01:13:18.059	Heiken_Ashi_Smoothed EURUSD,H4: initialized
0	01:13:34.439	Heiken_Ashi_Smoothed EURUSD,H4: uninit reason 5
0	01:13:34.471	Heiken_Ashi_Smoothed EURUSD,H4: initialized
0	01:13:54.171	Heiken_Ashi_Smoothed EURUSD,H4: uninit reason 5
0	01:13:54.203	Heiken_Ashi_Smoothed EURUSD,H4: initialized
0	01:14:15.012	Heiken_Ashi_Smoothed EURUSD,H4: uninit reason 5
0	01:14:15.027	Heiken_Ashi_Smoothed EURUSD,H4: initialized
0	01:18:32.883	Heiken_Ashi_Smoothed EURUSD,H4: uninit reason 5
0	01:18:32.898	Heiken_Ashi_Smoothed EURUSD,H4: initialized
0	01:19:08.917	Heiken_Ashi_Smoothed EURUSD,H4: uninit reason 5
0	01:19:08.948	Heiken_Ashi_Smoothed EURUSD,H4: initialized
0	01:19:24.367	Heiken_Ashi_Smoothed EURUSD,H4: uninit reason 5
0	01:19:24.383	Heiken_Ashi_Smoothed EURUSD,H4: initialized
0	01:19:49.253	Heiken_Ashi_Smoothed EURUSD,H4: uninit reason 5
0	01:19:49.268	Heiken_Ashi_Smoothed EURUSD,H4: initialized
0	01:19:58.358	Heiken_Ashi_Smoothed EURUSD,H4: uninit reason 5
0	01:19:58.389	Heiken_Ashi_Smoothed EURUSD,H4: initialized
0	01:20:51.987	Heiken_Ashi_Smoothed EURUSD,H4: uninit reason 5
0	01:20:52.018	Heiken_Ashi_Smoothed EURUSD,H4: initialized
0	01:23:41.406	Custom indicator Heiken_Ashi_Smoothed EURUSD,H1: loaded successfully
0	01:23:44.589	Heiken_Ashi_Smoothed EURUSD,H1: initialized
0	01:23:45.736	Heiken_Ashi_Smoothed EURUSD,H1: uninit reason 3
0	01:23:45.739	Heiken_Ashi_Smoothed EURUSD,M1: initialized
0	01:23:56.649	Heiken_Ashi_Smoothed EURUSD,M1: uninit reason 5
0	01:23:56.670	Heiken_Ashi_Smoothed EURUSD,M1: initialized
0	01:24:23.472	Heiken_Ashi_Smoothed EURUSD,M1: uninit reason 5
0	01:24:23.491	Heiken_Ashi_Smoothed EURUSD,M1: initialized
0	01:24:49.576	Heiken_Ashi_Smoothed EURUSD,M1: uninit reason 5
0	01:24:49.596	Heiken_Ashi_Smoothed EURUSD,M1: initialized
0	01:25:19.504	Heiken_Ashi_Smoothed EURUSD,M1: uninit reason 5
0	01:25:19.527	Heiken_Ashi_Smoothed EURUSD,M1: initialized
0	01:28:41.741	Heiken_Ashi_Smoothed EURUSD,M1: uninit reason 5
0	01:28:41.760	Heiken_Ashi_Smoothed EURUSD,M1: initialized
0	01:28:54.013	Heiken_Ashi_Smoothed EURUSD,M1: uninit reason 5
0	01:28:54.034	Heiken_Ashi_Smoothed EURUSD,M1: initialized
0	01:29:02.341	Heiken_Ashi_Smoothed EURUSD,M1: uninit reason 5
0	01:29:02.363	Heiken_Ashi_Smoothed EURUSD,M1: initialized
0	01:29:08.621	Heiken_Ashi_Smoothed EURUSD,M1: uninit reason 5
0	01:29:08.640	Heiken_Ashi_Smoothed EURUSD,M1: initialized
0	01:29:27.324	Heiken_Ashi_Smoothed EURUSD,M1: uninit reason 5
0	01:29:27.345	Heiken_Ashi_Smoothed EURUSD,M1: initialized
0	01:29:32.804	Heiken_Ashi_Smoothed EURUSD,M1: uninit reason 5
0	01:29:32.823	Heiken_Ashi_Smoothed EURUSD,M1: initialized
0	01:29:38.317	Heiken_Ashi_Smoothed EURUSD,M1: uninit reason 5
0	01:29:38.335	Heiken_Ashi_Smoothed EURUSD,M1: initialized
0	01:29:48.861	Heiken_Ashi_Smoothed EURUSD,H4: uninit reason 5
0	01:29:48.882	Heiken_Ashi_Smoothed EURUSD,H4: initialized
0	01:29:57.708	Heiken_Ashi_Smoothed EURUSD,H4: uninit reason 5
0	01:29:57.727	Heiken_Ashi_Smoothed EURUSD,H4: initialized
0	01:36:53.655	Heiken_Ashi_Smoothed EURUSD,M1: uninit reason 5
0	01:36:53.674	Heiken_Ashi_Smoothed EURUSD,M1: initialized
0	01:37:18.287	Heiken_Ashi_Smoothed EURUSD,M1: uninit reason 5
0	01:37:18.306	Heiken_Ashi_Smoothed EURUSD,M1: initialized
0	01:37:23.751	Heiken_Ashi_Smoothed EURUSD,M1: uninit reason 5
0	01:37:23.769	Heiken_Ashi_Smoothed EURUSD,M1: initialized
0	01:37:33.375	Heiken_Ashi_Smoothed EURUSD,M1: uninit reason 5
0	01:37:33.395	Heiken_Ashi_Smoothed EURUSD,M1: initialized
0	01:37:40.294	Heiken_Ashi_Smoothed EURUSD,M1: uninit reason 5
0	01:37:40.314	Heiken_Ashi_Smoothed EURUSD,M1: initialized
0	01:37:51.047	Heiken_Ashi_Smoothed EURUSD,M1: uninit reason 5
0	01:37:51.066	Heiken_Ashi_Smoothed EURUSD,M1: initialized
0	01:43:48.651	Heiken_Ashi_Smoothed EURUSD,M1: uninit reason 5
0	01:43:48.670	Heiken_Ashi_Smoothed EURUSD,M1: initialized
0	01:43:54.986	Heiken_Ashi_Smoothed EURUSD,M1: uninit reason 5
0	01:43:55.005	Heiken_Ashi_Smoothed EURUSD,M1: initialized
0	01:44:01.003	Heiken_Ashi_Smoothed EURUSD,M1: uninit reason 5
0	01:44:01.023	Heiken_Ashi_Smoothed EURUSD,M1: initialized
0	01:44:09.267	Heiken_Ashi_Smoothed EURUSD,M1: uninit reason 5
0	01:44:09.287	Heiken_Ashi_Smoothed EURUSD,M1: initialized
0	01:44:22.627	Heiken_Ashi_Smoothed EURUSD,M1: uninit reason 5
0	01:44:22.645	Heiken_Ashi_Smoothed EURUSD,M1: initialized
0	01:44:27.466	Heiken_Ashi_Smoothed EURUSD,M1: uninit reason 5
0	01:44:27.485	Heiken_Ashi_Smoothed EURUSD,M1: initialized
0	01:44:34.122	Heiken_Ashi_Smoothed EURUSD,M1: uninit reason 5
0	01:44:34.141	Heiken_Ashi_Smoothed EURUSD,M1: initialized
0	01:44:39.482	Heiken_Ashi_Smoothed EURUSD,M1: uninit reason 5
0	01:44:39.501	Heiken_Ashi_Smoothed EURUSD,M1: initialized
0	01:44:45.386	Heiken_Ashi_Smoothed EURUSD,M1: uninit reason 5
0	01:44:45.405	Heiken_Ashi_Smoothed EURUSD,M1: initialized
0	01:44:55.586	Heiken_Ashi_Smoothed EURUSD,M1: uninit reason 5
0	01:44:55.605	Heiken_Ashi_Smoothed EURUSD,M1: initialized
0	01:45:01.810	Heiken_Ashi_Smoothed EURUSD,M1: uninit reason 5
0	01:45:01.829	Heiken_Ashi_Smoothed EURUSD,M1: initialized
0	01:45:15.586	Heiken_Ashi_Smoothed EURUSD,M1: uninit reason 5
0	01:45:15.606	Heiken_Ashi_Smoothed EURUSD,M1: initialized
0	01:50:49.946	Heiken_Ashi_Smoothed EURUSD,H4: uninit reason 4
0	01:50:49.946	Custom indicator Heiken_Ashi_Smoothed EURUSD,H4: removed
0	01:53:32.632	Heiken_Ashi_Smoothed EURUSD,M1: uninit reason 5
0	01:53:32.647	Heiken_Ashi_Smoothed EURUSD,M1: initialized
0	03:46:52.730	Heiken_Ashi_Smoothed EURUSD,M1: uninit reason 4
0	03:46:52.731	Custom indicator Heiken_Ashi_Smoothed EURUSD,M1: removed
